<?xml version="1.0" encoding="UTF-8"?>
<!-- Generated by org.testng.reporters.JUnitReportReporter -->
<testsuite hostname="DESKTOP-SKPMEFP" failures="0" tests="1" name="Demo.Demo" time="8.650" errors="0" timestamp="2024-01-10T06:08:45 IST" skipped="0">
  <testcase classname="Demo.Demo" name="demoTest" time="8.650"/>
  <system-out/>
</testsuite> <!-- Demo.Demo -->
